app/build/intermediates/manifest_merge_blame_file/debug/manifest-merger-blame-debug-report.txt
1<?xml version="1.0" encoding="utf-8"?>
2<manifest xmlns:android="http://schemas.android.com/apk/res/android"
3    package="com.himanshu.foodrunnerapp"
4    android:versionCode="1"
5    android:versionName="1.0" >
6
7    <uses-sdk
8        android:minSdkVersion="21"
8-->src\main\AndroidManifest.xml
9        android:targetSdkVersion="33" />
9-->src\main\AndroidManifest.xml
10
11    <uses-permission android:name="android.permission.ACCESS_NETWORK_STATE" />
11-->src\main\AndroidManifest.xml:5:5-79
11-->src\main\AndroidManifest.xml:5:22-76
12    <uses-permission android:name="android.permission.INTERNET" />
12-->src\main\AndroidManifest.xml:6:5-67
12-->src\main\AndroidManifest.xml:6:22-64
13
14    <uses-permission-sdk-23 android:name="android.permission.INTERNET" />
14-->src\main\AndroidManifest.xml:8:5-74
14-->src\main\AndroidManifest.xml:8:29-71
15    <uses-permission-sdk-23 android:name="android.permission.ACCESS_NETWORK_STATE" />
15-->src\main\AndroidManifest.xml:9:5-86
15-->src\main\AndroidManifest.xml:9:29-83
16
17    <permission
17-->[androidx.core:core:1.9.0] AndroidManifest.xml:22:5-24:47
18        android:name="com.himanshu.foodrunnerapp.DYNAMIC_RECEIVER_NOT_EXPORTED_PERMISSION"
18-->[androidx.core:core:1.9.0] AndroidManifest.xml:23:9-81
19        android:protectionLevel="signature" />
19-->[androidx.core:core:1.9.0] AndroidManifest.xml:24:9-44
20
21    <uses-permission android:name="com.himanshu.foodrunnerapp.DYNAMIC_RECEIVER_NOT_EXPORTED_PERMISSION" />
21-->[androidx.core:core:1.9.0] AndroidManifest.xml:26:5-97
21-->[androidx.core:core:1.9.0] AndroidManifest.xml:26:22-94
22
23    <application
23-->src\main\AndroidManifest.xml:11:5-89:19
24        android:allowBackup="true"
24-->src\main\AndroidManifest.xml:12:9-35
25        android:appComponentFactory="androidx.core.app.CoreComponentFactory"
25-->[androidx.core:core:1.9.0] AndroidManifest.xml:28:18-86
26        android:dataExtractionRules="@xml/data_extraction_rules"
26-->src\main\AndroidManifest.xml:13:9-65
27        android:debuggable="true"
28        android:fullBackupContent="@xml/backup_rules"
28-->src\main\AndroidManifest.xml:14:9-54
29        android:icon="@mipmap/ic_app_logo"
29-->src\main\AndroidManifest.xml:15:9-43
30        android:label="@string/app_name"
30-->src\main\AndroidManifest.xml:16:9-41
31        android:networkSecurityConfig="@xml/network_security_config"
31-->src\main\AndroidManifest.xml:17:9-69
32        android:resizeableActivity="false"
32-->src\main\AndroidManifest.xml:18:9-43
33        android:roundIcon="@mipmap/ic_app_logo_round"
33-->src\main\AndroidManifest.xml:19:9-54
34        android:supportsRtl="true"
34-->src\main\AndroidManifest.xml:20:9-35
35        android:testOnly="true"
36        android:theme="@style/Theme.FoodRunnerApp" >
36-->src\main\AndroidManifest.xml:21:9-51
37        <activity
37-->src\main\AndroidManifest.xml:23:9-29:20
38            android:name="com.himanshu.foodrunnerapp.activity.MenuActivity"
38-->src\main\AndroidManifest.xml:24:13-50
39            android:exported="false" >
39-->src\main\AndroidManifest.xml:25:13-37
40            <meta-data
40-->src\main\AndroidManifest.xml:26:13-28:36
41                android:name="android.app.lib_name"
41-->src\main\AndroidManifest.xml:27:17-52
42                android:value="" />
42-->src\main\AndroidManifest.xml:28:17-33
43        </activity>
44        <activity
44-->src\main\AndroidManifest.xml:30:9-38:20
45            android:name="com.himanshu.foodrunnerapp.activity.OtpActivity"
45-->src\main\AndroidManifest.xml:31:13-49
46            android:configChanges="orientation|screenSize"
46-->src\main\AndroidManifest.xml:32:13-59
47            android:exported="false"
47-->src\main\AndroidManifest.xml:33:13-37
48            android:screenOrientation="portrait" >
48-->src\main\AndroidManifest.xml:34:13-49
49            <meta-data
49-->src\main\AndroidManifest.xml:26:13-28:36
50                android:name="android.app.lib_name"
50-->src\main\AndroidManifest.xml:27:17-52
51                android:value="" />
51-->src\main\AndroidManifest.xml:28:17-33
52        </activity>
53        <activity
53-->src\main\AndroidManifest.xml:39:9-46:20
54            android:name="com.himanshu.foodrunnerapp.activity.SignupActivity"
54-->src\main\AndroidManifest.xml:40:13-52
55            android:exported="false"
55-->src\main\AndroidManifest.xml:41:13-37
56            android:screenOrientation="portrait" >
56-->src\main\AndroidManifest.xml:42:13-49
57            <meta-data
57-->src\main\AndroidManifest.xml:26:13-28:36
58                android:name="android.app.lib_name"
58-->src\main\AndroidManifest.xml:27:17-52
59                android:value="" />
59-->src\main\AndroidManifest.xml:28:17-33
60        </activity>
61        <activity
61-->src\main\AndroidManifest.xml:47:9-55:20
62            android:name="com.himanshu.foodrunnerapp.activity.ForgotActivity"
62-->src\main\AndroidManifest.xml:48:13-52
63            android:configChanges="screenSize|orientation"
63-->src\main\AndroidManifest.xml:49:13-59
64            android:exported="false"
64-->src\main\AndroidManifest.xml:50:13-37
65            android:screenOrientation="portrait" >
65-->src\main\AndroidManifest.xml:51:13-49
66            <meta-data
66-->src\main\AndroidManifest.xml:26:13-28:36
67                android:name="android.app.lib_name"
67-->src\main\AndroidManifest.xml:27:17-52
68                android:value="" />
68-->src\main\AndroidManifest.xml:28:17-33
69        </activity>
70        <activity
70-->src\main\AndroidManifest.xml:56:9-64:20
71            android:name="com.himanshu.foodrunnerapp.activity.LoginActivity"
71-->src\main\AndroidManifest.xml:57:13-51
72            android:configChanges="screenSize|orientation"
72-->src\main\AndroidManifest.xml:58:13-59
73            android:exported="false"
73-->src\main\AndroidManifest.xml:59:13-37
74            android:screenOrientation="portrait" >
74-->src\main\AndroidManifest.xml:60:13-49
75            <meta-data
75-->src\main\AndroidManifest.xml:26:13-28:36
76                android:name="android.app.lib_name"
76-->src\main\AndroidManifest.xml:27:17-52
77                android:value="" />
77-->src\main\AndroidManifest.xml:28:17-33
78        </activity>
79        <activity
79-->src\main\AndroidManifest.xml:65:9-79:20
80            android:name="com.himanshu.foodrunnerapp.activity.SplashActivity"
80-->src\main\AndroidManifest.xml:66:13-52
81            android:configChanges="screenSize|orientation"
81-->src\main\AndroidManifest.xml:67:13-59
82            android:exported="true"
82-->src\main\AndroidManifest.xml:68:13-36
83            android:screenOrientation="portrait" >
83-->src\main\AndroidManifest.xml:69:13-49
84            <intent-filter>
84-->src\main\AndroidManifest.xml:70:13-74:29
85                <action android:name="android.intent.action.MAIN" />
85-->src\main\AndroidManifest.xml:71:17-69
85-->src\main\AndroidManifest.xml:71:25-66
86
87                <category android:name="android.intent.category.LAUNCHER" />
87-->src\main\AndroidManifest.xml:73:17-77
87-->src\main\AndroidManifest.xml:73:27-74
88            </intent-filter>
89
90            <meta-data
90-->src\main\AndroidManifest.xml:26:13-28:36
91                android:name="android.app.lib_name"
91-->src\main\AndroidManifest.xml:27:17-52
92                android:value="" />
92-->src\main\AndroidManifest.xml:28:17-33
93        </activity>
94        <activity
94-->src\main\AndroidManifest.xml:80:9-88:20
95            android:name="com.himanshu.foodrunnerapp.activity.MainActivity"
95-->src\main\AndroidManifest.xml:81:13-50
96            android:configChanges="screenSize|orientation"
96-->src\main\AndroidManifest.xml:82:13-59
97            android:exported="false"
97-->src\main\AndroidManifest.xml:83:13-37
98            android:screenOrientation="portrait" >
98-->src\main\AndroidManifest.xml:84:13-49
99            <meta-data
99-->src\main\AndroidManifest.xml:26:13-28:36
100                android:name="android.app.lib_name"
100-->src\main\AndroidManifest.xml:27:17-52
101                android:value="" />
101-->src\main\AndroidManifest.xml:28:17-33
102        </activity>
103
104        <service
104-->[androidx.room:room-runtime:2.5.0] AndroidManifest.xml:24:9-28:63
105            android:name="androidx.room.MultiInstanceInvalidationService"
105-->[androidx.room:room-runtime:2.5.0] AndroidManifest.xml:25:13-74
106            android:directBootAware="true"
106-->[androidx.room:room-runtime:2.5.0] AndroidManifest.xml:26:13-43
107            android:exported="false" />
107-->[androidx.room:room-runtime:2.5.0] AndroidManifest.xml:27:13-37
108
109        <provider
109-->[com.squareup.picasso:picasso:2.8] AndroidManifest.xml:8:9-11:40
110            android:name="com.squareup.picasso.PicassoProvider"
110-->[com.squareup.picasso:picasso:2.8] AndroidManifest.xml:9:13-64
111            android:authorities="com.himanshu.foodrunnerapp.com.squareup.picasso"
111-->[com.squareup.picasso:picasso:2.8] AndroidManifest.xml:10:13-72
112            android:exported="false" />
112-->[com.squareup.picasso:picasso:2.8] AndroidManifest.xml:11:13-37
113        <provider
113-->[androidx.emoji2:emoji2:1.2.0] AndroidManifest.xml:24:9-32:20
114            android:name="androidx.startup.InitializationProvider"
114-->[androidx.emoji2:emoji2:1.2.0] AndroidManifest.xml:25:13-67
115            android:authorities="com.himanshu.foodrunnerapp.androidx-startup"
115-->[androidx.emoji2:emoji2:1.2.0] AndroidManifest.xml:26:13-68
116            android:exported="false" >
116-->[androidx.emoji2:emoji2:1.2.0] AndroidManifest.xml:27:13-37
117            <meta-data
117-->[androidx.emoji2:emoji2:1.2.0] AndroidManifest.xml:29:13-31:52
118                android:name="androidx.emoji2.text.EmojiCompatInitializer"
118-->[androidx.emoji2:emoji2:1.2.0] AndroidManifest.xml:30:17-75
119                android:value="androidx.startup" />
119-->[androidx.emoji2:emoji2:1.2.0] AndroidManifest.xml:31:17-49
120            <meta-data
120-->[androidx.lifecycle:lifecycle-process:2.4.1] AndroidManifest.xml:31:13-33:52
121                android:name="androidx.lifecycle.ProcessLifecycleInitializer"
121-->[androidx.lifecycle:lifecycle-process:2.4.1] AndroidManifest.xml:32:17-78
122                android:value="androidx.startup" />
122-->[androidx.lifecycle:lifecycle-process:2.4.1] AndroidManifest.xml:33:17-49
123        </provider>
124    </application>
125
126</manifest>